2022-07-02 13:32:23,072 INFO notifyConnectTimeout:200

2022-07-02 13:32:23,075 INFO notifySocketTimeout:8000

2022-07-02 13:32:23,075 INFO isHealthCheck:true

2022-07-02 13:32:23,075 INFO maxHealthCheckFailCount:12

2022-07-02 13:32:23,075 INFO maxContent:10485760

2022-07-02 13:32:30,497 INFO use local db service for init

2022-07-02 13:32:31,915 WARN Lexical error at line 4, column 66.  Encountered: <EOF> after : "".

2022-07-02 13:32:31,968 WARN Syntax error: Encountered "*" at line 1, column 1.

2022-07-02 13:32:32,192 WARN Lexical error at line 4, column 13.  Encountered: "`" (96), after : "".

2022-07-02 13:32:32,192 WARN Lexical error at line 1, column 13.  Encountered: "`" (96), after : "".

2022-07-02 13:32:32,193 WARN Lexical error at line 1, column 13.  Encountered: "`" (96), after : "".

2022-07-02 13:32:32,193 WARN Lexical error at line 1, column 13.  Encountered: "`" (96), after : "".

2022-07-02 13:32:32,193 INFO use StandaloneDatabaseOperateImpl

2022-07-02 13:32:33,647 WARN DumpService start

2022-07-02 13:32:33,648 INFO start clear all config-info.

2022-07-02 13:32:33,649 WARN clear all config-info failed.

2022-07-02 13:32:33,649 WARN clear all config-info-tenant failed.

2022-07-02 13:32:33,822 INFO start clear all config-info-beta.

2022-07-02 13:32:33,822 WARN clear all config-info-beta failed.

2022-07-02 13:32:33,822 WARN clear all config-info-beta-tenant failed.

2022-07-02 13:32:33,832 INFO start clear all config-info-tag.

2022-07-02 13:32:33,832 WARN clear all config-info-tag failed.

2022-07-02 13:32:33,832 WARN clear all config-info-tag-tenant failed.

