2022-07-02 13:32:23,081 INFO Starting Nacos v1.4.1 on LAPTOP-TP1ABO7G with PID 8952 (E:\spring-cloud-alibaba-learn\nacos-server-1.4.1\nacos\target\nacos-server.jar started by keeplearn in E:\spring-cloud-alibaba-learn\nacos-server-1.4.1\nacos\bin)

2022-07-02 13:32:23,081 INFO The following profiles are active: standalone

2022-07-02 13:32:29,142 INFO Bean 'org.springframework.security.access.expression.method.DefaultMethodSecurityExpressionHandler@732d0d24' of type [org.springframework.security.access.expression.method.DefaultMethodSecurityExpressionHandler] is not eligible for getting processed by all BeanPostProcessors (for example: not eligible for auto-proxying)

2022-07-02 13:32:29,149 INFO Bean 'methodSecurityMetadataSource' of type [org.springframework.security.access.method.DelegatingMethodSecurityMetadataSource] is not eligible for getting processed by all BeanPostProcessors (for example: not eligible for auto-proxying)

2022-07-02 13:32:29,807 INFO Tomcat initialized with port(s): 8848 (http)

2022-07-02 13:32:29,840 INFO Starting service [Tomcat]

2022-07-02 13:32:29,840 INFO Starting Servlet engine: [Apache Tomcat/9.0.38]

2022-07-02 13:32:30,188 INFO At least one JAR was scanned for TLDs yet contained no TLDs. Enable debug logging for this logger for a complete list of JARs that were scanned but no TLDs were found in them. Skipping unneeded JARs during scanning can improve startup time and JSP compilation time.

2022-07-02 13:32:30,222 INFO Initializing Spring embedded WebApplicationContext

2022-07-02 13:32:30,222 INFO Root WebApplicationContext: initialization completed in 7036 ms

2022-07-02 13:32:31,108 INFO HikariPool-1 - Starting...

2022-07-02 13:32:31,110 WARN Registered driver with driverClassName=org.apache.derby.jdbc.EmbeddedDriver was not found, trying direct instantiation.

2022-07-02 13:32:31,778 INFO HikariPool-1 - Driver does not support get/set network timeout for connections. (Feature not implemented: No details.)

2022-07-02 13:32:31,786 INFO HikariPool-1 - Start completed.

2022-07-02 13:32:32,889 INFO Nacos-related cluster resource initialization

2022-07-02 13:32:32,897 INFO The cluster resource is initialized

2022-07-02 13:32:33,358 INFO Reflections took 49 ms to scan 1 urls, producing 4 keys and 6 values 

2022-07-02 13:32:33,384 INFO Reflections took 4 ms to scan 1 urls, producing 6 keys and 26 values 

2022-07-02 13:32:33,402 INFO Reflections took 4 ms to scan 1 urls, producing 3 keys and 15 values 

2022-07-02 13:32:33,419 INFO Reflections took 1 ms to scan 1 urls, producing 2 keys and 12 values 

2022-07-02 13:32:34,425 INFO Initializing ExecutorService 'applicationTaskExecutor'

2022-07-02 13:32:34,540 INFO Adding welcome page: class path resource [static/index.html]

2022-07-02 13:32:35,140 INFO Creating filter chain: Ant [pattern='/**'], []

2022-07-02 13:32:35,181 INFO Creating filter chain: any request, [org.springframework.security.web.context.request.async.WebAsyncManagerIntegrationFilter@31c269fd, org.springframework.security.web.context.SecurityContextPersistenceFilter@3d4d3fe7, org.springframework.security.web.header.HeaderWriterFilter@7dac3fd8, org.springframework.security.web.csrf.CsrfFilter@402f80f5, org.springframework.security.web.authentication.logout.LogoutFilter@6e33c391, org.springframework.security.web.savedrequest.RequestCacheAwareFilter@51684e4a, org.springframework.security.web.servletapi.SecurityContextHolderAwareRequestFilter@1e886a5b, org.springframework.security.web.authentication.AnonymousAuthenticationFilter@372b0d86, org.springframework.security.web.session.SessionManagementFilter@2102a4d5, org.springframework.security.web.access.ExceptionTranslationFilter@133e019b]

2022-07-02 13:32:35,345 INFO Initializing ExecutorService 'taskScheduler'

2022-07-02 13:32:35,362 INFO Exposing 2 endpoint(s) beneath base path '/actuator'

2022-07-02 13:32:35,496 INFO Tomcat started on port(s): 8848 (http) with context path '/nacos'

2022-07-02 13:32:35,500 INFO Started Nacos in 13.948 seconds (JVM running for 14.819)

2022-07-02 13:32:35,500 INFO Nacos started successfully in stand alone mode. use embedded storage

2022-07-02 13:32:54,646 INFO Initializing Spring DispatcherServlet 'dispatcherServlet'

2022-07-02 13:32:54,646 INFO Initializing Servlet 'dispatcherServlet'

2022-07-02 13:32:54,656 INFO Completed initialization in 10 ms

2022-07-02 13:42:33,578 INFO [capacityManagement] start correct usage

2022-07-02 13:42:33,588 INFO [capacityManagement] end correct usage, cost: 0s

2022-07-02 13:42:33,854 WARN clearConfigHistory start

2022-07-02 13:52:33,599 INFO [capacityManagement] start correct usage

2022-07-02 13:52:33,599 INFO [capacityManagement] end correct usage, cost: 0s

2022-07-02 13:52:33,878 WARN clearConfigHistory start

2022-07-02 14:02:33,603 INFO [capacityManagement] start correct usage

2022-07-02 14:02:33,604 INFO [capacityManagement] end correct usage, cost: 0s

2022-07-02 14:02:33,883 WARN clearConfigHistory start

2022-07-02 14:12:33,606 INFO [capacityManagement] start correct usage

2022-07-02 14:12:33,607 INFO [capacityManagement] end correct usage, cost: 0s

2022-07-02 14:12:33,885 WARN clearConfigHistory start

2022-07-02 14:14:19,124 WARN [ConfigServer-HttpClientManager] Start destroying NacosRestTemplate

2022-07-02 14:14:19,124 WARN [ThreadPoolManager] Start destroying ThreadPool

2022-07-02 14:14:19,124 WARN [NotifyCenter] Start destroying Publisher

2022-07-02 14:14:19,127 WARN [HttpClientBeanHolder] Start destroying common HttpClient

2022-07-02 14:14:19,124 WARN [WatchFileCenter] start close

2022-07-02 14:14:19,129 WARN [ConfigServer-HttpClientManager] Destruction of the end

2022-07-02 14:14:19,127 WARN [NotifyCenter] Destruction of the end

2022-07-02 14:14:19,127 WARN [WatchFileCenter] start to shutdown this watcher which is watch : E:\spring-cloud-alibaba-learn\nacos-server-1.4.1\nacos\conf

2022-07-02 14:14:19,129 WARN [HttpClientBeanHolder] Destruction of the end

2022-07-02 14:14:19,129 WARN [WatchFileCenter] already closed

2022-07-02 14:14:19,131 INFO Shutting down ExecutorService 'taskScheduler'

2022-07-02 14:14:19,132 INFO Shutting down ExecutorService 'applicationTaskExecutor'

2022-07-02 14:14:35,273 WARN [ThreadPoolManager] Destruction of the end

