2022-07-02 13:32:32,953 INFO raft peers changed: [Member{ip='192.168.110.224', port=8848, state=UP, extendInfo={raftPort=7848}}]

2022-07-02 13:32:32,979 INFO initializing Raft sub-system

2022-07-02 13:32:32,980 INFO finish loading all datums, size: 0 cost 1 ms.

2022-07-02 13:32:32,985 INFO cache loaded, datum count: 0, current term: 0

2022-07-02 13:32:32,985 INFO finish to load data from disk, cost: 6 ms.

2022-07-02 13:32:32,988 INFO timer started: leader timeout ms: 15000, heart-beat timeout ms: 5000

2022-07-02 13:32:33,526 INFO add listener: com.alibaba.nacos.naming.domains.meta.00-00---000-NACOS_SWITCH_DOMAIN-000---00-00

2022-07-02 13:32:33,538 INFO add listener: com.alibaba.nacos.naming.domains.meta.

2022-07-02 13:32:37,943 WARN start to close old raft protocol!!!

2022-07-02 13:32:37,943 WARN stop old raft protocol task for notifier

2022-07-02 13:32:37,943 WARN stop old raft protocol task for master task

2022-07-02 13:32:37,943 WARN stop old raft protocol task for heartbeat task

2022-07-02 13:32:37,943 WARN clean old cache datum for old raft

2022-07-02 13:32:37,943 WARN start to close old raft protocol!!!

2022-07-02 13:32:37,943 WARN stop old raft protocol task for notifier

2022-07-02 13:32:37,943 WARN stop old raft protocol task for master task

2022-07-02 13:32:37,943 WARN stop old raft protocol task for heartbeat task

2022-07-02 13:32:37,943 WARN clean old cache datum for old raft

2022-07-02 13:32:37,943 WARN start to move old raft protocol metadata

2022-07-02 13:32:37,944 WARN start to move old raft protocol metadata

2022-07-02 13:32:37,945 INFO raft peers changed: [Member{ip='192.168.110.224', port=8848, state=UP, extendInfo={lastRefreshTime=1656739957944, raftPort=7848, version=1.4.1}}]

2022-07-02 14:06:45,529 INFO add listener: com.alibaba.nacos.naming.iplist.public##DEFAULT_GROUP@@payment-service

2022-07-02 14:09:53,553 INFO [RAFT-NOTIFIER] datum is deleted, key: com.alibaba.nacos.naming.domains.meta.public##DEFAULT_GROUP@@payment-service

2022-07-02 14:11:41,112 INFO add listener: com.alibaba.nacos.naming.iplist.public##DEFAULT_GROUP@@payment-service

